# JRE version: OpenJDK Runtime Environment Temurin-21.0.9+10 (21.0.9+10) (build 21.0.9+10-LTS)
# Java VM: OpenJDK 64-Bit Server VM Temurin-21.0.9+10 (21.0.9+10-LTS, mixed mode, sharing, tiered, compressed oops, compressed class ptrs, parallel gc, windows-amd64)
GC Precious Log:
 CardTable entry size: 512
 CPUs: 8 total, 8 available
 Memory: 7916M
 Large Page Support: Disabled
 NUMA Support: Disabled
 Compressed Oops: Enabled (32-bit)
 Alignments: Space 512K, Generation 512K, Heap 2M
 Heap Min Capacity: 100M
 Heap Initial Capacity: 100M
 Heap Max Capacity: 2G
 Pre-touch: Disabled
 Parallel Workers: 8
Heap:
 PSYoungGen      total 13824K, used 3943K [0x00000000d5580000, 0x00000000d6780000, 0x0000000100000000)
  eden space 13312K, 26% used [0x00000000d5580000,0x00000000d58e1be0,0x00000000d6280000)
  from space 512K, 93% used [0x00000000d6500000,0x00000000d6578020,0x00000000d6580000)
  to   space 2560K, 0% used [0x00000000d6280000,0x00000000d6280000,0x00000000d6500000)
 ParOldGen       total 68608K, used 59019K [0x0000000080000000, 0x0000000084300000, 0x00000000d5580000)
  object space 68608K, 86% used [0x0000000080000000,0x00000000839a2e50,0x0000000084300000)
 Metaspace       used 57968K, committed 59392K, reserved 1114112K
  class space    used 6797K, committed 7360K, reserved 1048576K
GC Heap History (20 events):
Event: 76.308 GC heap before
{Heap before GC invocations=35 (full 2):
 PSYoungGen      total 14848K, used 14624K [0x00000000d5580000, 0x00000000d6980000, 0x0000000100000000)
  eden space 13312K, 100% used [0x00000000d5580000,0x00000000d6280000,0x00000000d6280000)
  from space 1536K, 85% used [0x00000000d6800000,0x00000000d6948030,0x00000000d6980000)
  to   space 1536K, 0% used [0x00000000d6680000,0x00000000d6680000,0x00000000d6800000)
 ParOldGen       total 68608K, used 45891K [0x0000000080000000, 0x0000000084300000, 0x00000000d5580000)
  object space 68608K, 66% used [0x0000000080000000,0x0000000082cd0f58,0x0000000084300000)
 Metaspace       used 56625K, committed 58048K, reserved 1114112K
  class space    used 6657K, committed 7232K, reserved 1048576K
}
Event: 76.325 GC heap after
{Heap after GC invocations=35 (full 2):
 PSYoungGen      total 14848K, used 1312K [0x00000000d5580000, 0x00000000d6880000, 0x0000000100000000)
  eden space 13312K, 0% used [0x00000000d5580000,0x00000000d5580000,0x00000000d6280000)
  from space 1536K, 85% used [0x00000000d6680000,0x00000000d67c8010,0x00000000d6800000)
  to   space 512K, 0% used [0x00000000d6800000,0x00000000d6800000,0x00000000d6880000)
 ParOldGen       total 68608K, used 47059K [0x0000000080000000, 0x0000000084300000, 0x00000000d5580000)
  object space 68608K, 68% used [0x0000000080000000,0x0000000082df4f98,0x0000000084300000)
 Metaspace       used 56625K, committed 58048K, reserved 1114112K
  class space    used 6657K, committed 7232K, reserved 1048576K
}
Event: 77.432 GC heap before
{Heap before GC invocations=36 (full 2):
 PSYoungGen      total 14848K, used 14624K [0x00000000d5580000, 0x00000000d6880000, 0x0000000100000000)
  eden space 13312K, 100% used [0x00000000d5580000,0x00000000d6280000,0x00000000d6280000)
  from space 1536K, 85% used [0x00000000d6680000,0x00000000d67c8010,0x00000000d6800000)
  to   space 512K, 0% used [0x00000000d6800000,0x00000000d6800000,0x00000000d6880000)
 ParOldGen       total 68608K, used 47059K [0x0000000080000000, 0x0000000084300000, 0x00000000d5580000)
  object space 68608K, 68% used [0x0000000080000000,0x0000000082df4f98,0x0000000084300000)
 Metaspace       used 57014K, committed 58432K, reserved 1114112K
  class space    used 6714K, committed 7296K, reserved 1048576K
}
Event: 77.446 GC heap after
{Heap after GC invocations=36 (full 2):
 PSYoungGen      total 13824K, used 482K [0x00000000d5580000, 0x00000000d6880000, 0x0000000100000000)
  eden space 13312K, 0% used [0x00000000d5580000,0x00000000d5580000,0x00000000d6280000)
  from space 512K, 94% used [0x00000000d6800000,0x00000000d6878800,0x00000000d6880000)
  to   space 3072K, 0% used [0x00000000d6280000,0x00000000d6280000,0x00000000d6580000)
 ParOldGen       total 68608K, used 49240K [0x0000000080000000, 0x0000000084300000, 0x00000000d5580000)
  object space 68608K, 71% used [0x0000000080000000,0x00000000830160c8,0x0000000084300000)
 Metaspace       used 57014K, committed 58432K, reserved 1114112K
  class space    used 6714K, committed 7296K, reserved 1048576K
}
Event: 77.893 GC heap before
{Heap before GC invocations=37 (full 2):
 PSYoungGen      total 13824K, used 13794K [0x00000000d5580000, 0x00000000d6880000, 0x0000000100000000)
  eden space 13312K, 100% used [0x00000000d5580000,0x00000000d6280000,0x00000000d6280000)
  from space 512K, 94% used [0x00000000d6800000,0x00000000d6878800,0x00000000d6880000)
  to   space 3072K, 0% used [0x00000000d6280000,0x00000000d6280000,0x00000000d6580000)
 ParOldGen       total 68608K, used 49240K [0x0000000080000000, 0x0000000084300000, 0x00000000d5580000)
  object space 68608K, 71% used [0x0000000080000000,0x00000000830160c8,0x0000000084300000)
 Metaspace       used 57021K, committed 58432K, reserved 1114112K
  class space    used 6714K, committed 7296K, reserved 1048576K
}
Event: 77.909 GC heap after
{Heap after GC invocations=37 (full 2):
 PSYoungGen      total 16384K, used 1312K [0x00000000d5580000, 0x00000000d6880000, 0x0000000100000000)
  eden space 13312K, 0% used [0x00000000d5580000,0x00000000d5580000,0x00000000d6280000)
  from space 3072K, 42% used [0x00000000d6280000,0x00000000d63c8010,0x00000000d6580000)
  to   space 2048K, 0% used [0x00000000d6680000,0x00000000d6680000,0x00000000d6880000)
 ParOldGen       total 68608K, used 49762K [0x0000000080000000, 0x0000000084300000, 0x00000000d5580000)
  object space 68608K, 72% used [0x0000000080000000,0x00000000830988c8,0x0000000084300000)
 Metaspace       used 57021K, committed 58432K, reserved 1114112K
  class space    used 6714K, committed 7296K, reserved 1048576K
}
Event: 78.363 GC heap before
{Heap before GC invocations=38 (full 2):
 PSYoungGen      total 16384K, used 14624K [0x00000000d5580000, 0x00000000d6880000, 0x0000000100000000)
  eden space 13312K, 100% used [0x00000000d5580000,0x00000000d6280000,0x00000000d6280000)
  from space 3072K, 42% used [0x00000000d6280000,0x00000000d63c8010,0x00000000d6580000)
  to   space 2048K, 0% used [0x00000000d6680000,0x00000000d6680000,0x00000000d6880000)
 ParOldGen       total 68608K, used 49762K [0x0000000080000000, 0x0000000084300000, 0x00000000d5580000)
  object space 68608K, 72% used [0x0000000080000000,0x00000000830988c8,0x0000000084300000)
 Metaspace       used 57033K, committed 58432K, reserved 1114112K
  class space    used 6714K, committed 7296K, reserved 1048576K
}
Event: 78.380 GC heap after
{Heap after GC invocations=38 (full 2):
 PSYoungGen      total 14848K, used 1472K [0x00000000d5580000, 0x00000000d6800000, 0x0000000100000000)
  eden space 13312K, 0% used [0x00000000d5580000,0x00000000d5580000,0x00000000d6280000)
  from space 1536K, 95% used [0x00000000d6680000,0x00000000d67f0000,0x00000000d6800000)
  to   space 1536K, 0% used [0x00000000d6500000,0x00000000d6500000,0x00000000d6680000)
 ParOldGen       total 68608K, used 51026K [0x0000000080000000, 0x0000000084300000, 0x00000000d5580000)
  object space 68608K, 74% used [0x0000000080000000,0x00000000831d48d8,0x0000000084300000)
 Metaspace       used 57033K, committed 58432K, reserved 1114112K
  class space    used 6714K, committed 7296K, reserved 1048576K
}
Event: 78.697 GC heap before
{Heap before GC invocations=39 (full 2):
 PSYoungGen      total 14848K, used 14784K [0x00000000d5580000, 0x00000000d6800000, 0x0000000100000000)
  eden space 13312K, 100% used [0x00000000d5580000,0x00000000d6280000,0x00000000d6280000)
  from space 1536K, 95% used [0x00000000d6680000,0x00000000d67f0000,0x00000000d6800000)
  to   space 1536K, 0% used [0x00000000d6500000,0x00000000d6500000,0x00000000d6680000)
 ParOldGen       total 68608K, used 51026K [0x0000000080000000, 0x0000000084300000, 0x00000000d5580000)
  object space 68608K, 74% used [0x0000000080000000,0x00000000831d48d8,0x0000000084300000)
 Metaspace       used 57037K, committed 58432K, reserved 1114112K
  class space    used 6714K, committed 7296K, reserved 1048576K
}
Event: 78.712 GC heap after
{Heap after GC invocations=39 (full 2):
 PSYoungGen      total 14848K, used 1152K [0x00000000d5580000, 0x00000000d6700000, 0x0000000100000000)
  eden space 13312K, 0% used [0x00000000d5580000,0x00000000d5580000,0x00000000d6280000)
  from space 1536K, 75% used [0x00000000d6500000,0x00000000d6620000,0x00000000d6680000)
  to   space 512K, 0% used [0x00000000d6680000,0x00000000d6680000,0x00000000d6700000)
 ParOldGen       total 68608K, used 52424K [0x0000000080000000, 0x0000000084300000, 0x00000000d5580000)
  object space 68608K, 76% used [0x0000000080000000,0x0000000083332158,0x0000000084300000)
 Metaspace       used 57037K, committed 58432K, reserved 1114112K
  class space    used 6714K, committed 7296K, reserved 1048576K
}
Event: 79.045 GC heap before
{Heap before GC invocations=40 (full 2):
 PSYoungGen      total 14848K, used 14464K [0x00000000d5580000, 0x00000000d6700000, 0x0000000100000000)
  eden space 13312K, 100% used [0x00000000d5580000,0x00000000d6280000,0x00000000d6280000)
  from space 1536K, 75% used [0x00000000d6500000,0x00000000d6620000,0x00000000d6680000)
  to   space 512K, 0% used [0x00000000d6680000,0x00000000d6680000,0x00000000d6700000)
 ParOldGen       total 68608K, used 52424K [0x0000000080000000, 0x0000000084300000, 0x00000000d5580000)
  object space 68608K, 76% used [0x0000000080000000,0x0000000083332158,0x0000000084300000)
 Metaspace       used 57041K, committed 58432K, reserved 1114112K
  class space    used 6714K, committed 7296K, reserved 1048576K
}
Event: 79.056 GC heap after
{Heap after GC invocations=40 (full 2):
 PSYoungGen      total 13824K, used 512K [0x00000000d5580000, 0x00000000d6780000, 0x0000000100000000)
  eden space 13312K, 0% used [0x00000000d5580000,0x00000000d5580000,0x00000000d6280000)
  from space 512K, 100% used [0x00000000d6680000,0x00000000d6700000,0x00000000d6700000)
  to   space 2560K, 0% used [0x00000000d6280000,0x00000000d6280000,0x00000000d6500000)
 ParOldGen       total 68608K, used 54264K [0x0000000080000000, 0x0000000084300000, 0x00000000d5580000)
  object space 68608K, 79% used [0x0000000080000000,0x00000000834fe258,0x0000000084300000)
 Metaspace       used 57041K, committed 58432K, reserved 1114112K
  class space    used 6714K, committed 7296K, reserved 1048576K
}
Event: 79.224 GC heap before
{Heap before GC invocations=41 (full 2):
 PSYoungGen      total 13824K, used 13824K [0x00000000d5580000, 0x00000000d6780000, 0x0000000100000000)
  eden space 13312K, 100% used [0x00000000d5580000,0x00000000d6280000,0x00000000d6280000)
  from space 512K, 100% used [0x00000000d6680000,0x00000000d6700000,0x00000000d6700000)
  to   space 2560K, 0% used [0x00000000d6280000,0x00000000d6280000,0x00000000d6500000)
 ParOldGen       total 68608K, used 54264K [0x0000000080000000, 0x0000000084300000, 0x00000000d5580000)
  object space 68608K, 79% used [0x0000000080000000,0x00000000834fe258,0x0000000084300000)
 Metaspace       used 57043K, committed 58432K, reserved 1114112K
  class space    used 6714K, committed 7296K, reserved 1048576K
}
Event: 79.237 GC heap after
{Heap after GC invocations=41 (full 2):
 PSYoungGen      total 15872K, used 1504K [0x00000000d5580000, 0x00000000d6700000, 0x0000000100000000)
  eden space 13312K, 0% used [0x00000000d5580000,0x00000000d5580000,0x00000000d6280000)
  from space 2560K, 58% used [0x00000000d6280000,0x00000000d63f8010,0x00000000d6500000)
  to   space 2048K, 0% used [0x00000000d6500000,0x00000000d6500000,0x00000000d6700000)
 ParOldGen       total 68608K, used 54813K [0x0000000080000000, 0x0000000084300000, 0x00000000d5580000)
  object space 68608K, 79% used [0x0000000080000000,0x0000000083587780,0x0000000084300000)
 Metaspace       used 57043K, committed 58432K, reserved 1114112K
  class space    used 6714K, committed 7296K, reserved 1048576K
}
Event: 79.740 GC heap before
{Heap before GC invocations=42 (full 2):
 PSYoungGen      total 15872K, used 14816K [0x00000000d5580000, 0x00000000d6700000, 0x0000000100000000)
  eden space 13312K, 100% used [0x00000000d5580000,0x00000000d6280000,0x00000000d6280000)
  from space 2560K, 58% used [0x00000000d6280000,0x00000000d63f8010,0x00000000d6500000)
  to   space 2048K, 0% used [0x00000000d6500000,0x00000000d6500000,0x00000000d6700000)
 ParOldGen       total 68608K, used 54813K [0x0000000080000000, 0x0000000084300000, 0x00000000d5580000)
  object space 68608K, 79% used [0x0000000080000000,0x0000000083587780,0x0000000084300000)
 Metaspace       used 57089K, committed 58496K, reserved 1114112K
  class space    used 6717K, committed 7296K, reserved 1048576K
}
Event: 79.749 GC heap after
{Heap after GC invocations=42 (full 2):
 PSYoungGen      total 14848K, used 1184K [0x00000000d5580000, 0x00000000d6680000, 0x0000000100000000)
  eden space 13312K, 0% used [0x00000000d5580000,0x00000000d5580000,0x00000000d6280000)
  from space 1536K, 77% used [0x00000000d6500000,0x00000000d6628000,0x00000000d6680000)
  to   space 1536K, 0% used [0x00000000d6380000,0x00000000d6380000,0x00000000d6500000)
 ParOldGen       total 68608K, used 56205K [0x0000000080000000, 0x0000000084300000, 0x00000000d5580000)
  object space 68608K, 81% used [0x0000000080000000,0x00000000836e3790,0x0000000084300000)
 Metaspace       used 57089K, committed 58496K, reserved 1114112K
  class space    used 6717K, committed 7296K, reserved 1048576K
}
Event: 80.043 GC heap before
{Heap before GC invocations=43 (full 2):
 PSYoungGen      total 14848K, used 14496K [0x00000000d5580000, 0x00000000d6680000, 0x0000000100000000)
  eden space 13312K, 100% used [0x00000000d5580000,0x00000000d6280000,0x00000000d6280000)
  from space 1536K, 77% used [0x00000000d6500000,0x00000000d6628000,0x00000000d6680000)
  to   space 1536K, 0% used [0x00000000d6380000,0x00000000d6380000,0x00000000d6500000)
 ParOldGen       total 68608K, used 56205K [0x0000000080000000, 0x0000000084300000, 0x00000000d5580000)
  object space 68608K, 81% used [0x0000000080000000,0x00000000836e3790,0x0000000084300000)
 Metaspace       used 57101K, committed 58496K, reserved 1114112K
  class space    used 6717K, committed 7296K, reserved 1048576K
}
Event: 80.063 GC heap after
{Heap after GC invocations=43 (full 2):
 PSYoungGen      total 14848K, used 1240K [0x00000000d5580000, 0x00000000d6580000, 0x0000000100000000)
  eden space 13312K, 0% used [0x00000000d5580000,0x00000000d5580000,0x00000000d6280000)
  from space 1536K, 80% used [0x00000000d6380000,0x00000000d64b6200,0x00000000d6500000)
  to   space 512K, 0% used [0x00000000d6500000,0x00000000d6500000,0x00000000d6580000)
 ParOldGen       total 68608K, used 57293K [0x0000000080000000, 0x0000000084300000, 0x00000000d5580000)
  object space 68608K, 83% used [0x0000000080000000,0x00000000837f3790,0x0000000084300000)
 Metaspace       used 57101K, committed 58496K, reserved 1114112K
  class space    used 6717K, committed 7296K, reserved 1048576K
}
Event: 80.757 GC heap before
{Heap before GC invocations=44 (full 2):
 PSYoungGen      total 14848K, used 14552K [0x00000000d5580000, 0x00000000d6580000, 0x0000000100000000)
  eden space 13312K, 100% used [0x00000000d5580000,0x00000000d6280000,0x00000000d6280000)
  from space 1536K, 80% used [0x00000000d6380000,0x00000000d64b6200,0x00000000d6500000)
  to   space 512K, 0% used [0x00000000d6500000,0x00000000d6500000,0x00000000d6580000)
 ParOldGen       total 68608K, used 57293K [0x0000000080000000, 0x0000000084300000, 0x00000000d5580000)
  object space 68608K, 83% used [0x0000000080000000,0x00000000837f3790,0x0000000084300000)
 Metaspace       used 57471K, committed 58880K, reserved 1114112K
  class space    used 6753K, committed 7296K, reserved 1048576K
}
Event: 80.769 GC heap after
{Heap after GC invocations=44 (full 2):
 PSYoungGen      total 13824K, used 480K [0x00000000d5580000, 0x00000000d6780000, 0x0000000100000000)
  eden space 13312K, 0% used [0x00000000d5580000,0x00000000d5580000,0x00000000d6280000)
  from space 512K, 93% used [0x00000000d6500000,0x00000000d6578020,0x00000000d6580000)
  to   space 2560K, 0% used [0x00000000d6280000,0x00000000d6280000,0x00000000d6500000)
 ParOldGen       total 68608K, used 59019K [0x0000000080000000, 0x0000000084300000, 0x00000000d5580000)
  object space 68608K, 86% used [0x0000000080000000,0x00000000839a2e50,0x0000000084300000)
 Metaspace       used 57471K, committed 58880K, reserved 1114112K
  class space    used 6753K, committed 7296K, reserved 1048576K
}

